<?xml version="1.0" encoding="UTF-8"?>
<testsuite xmlns:xsi="http://www.w3.org/2001/XMLSchema-instance" xsi:noNamespaceSchemaLocation="https://maven.apache.org/surefire/maven-surefire-plugin/xsd/surefire-test-report.xsd" name="com.example.BasicCalculatorTest" time="0.134" tests="14" errors="0" skipped="0" failures="0">
  <properties>
    <property name="java.specification.version" value="17"/>
    <property name="sun.jnu.encoding" value="UTF-8"/>
    <property name="java.class.path" value="/home/sweta2003/CalculatorApp/demo/target/test-classes:/home/sweta2003/CalculatorApp/demo/target/classes:/home/sweta2003/.m2/repository/junit/junit/4.11/junit-4.11.jar:/home/sweta2003/.m2/repository/org/hamcrest/hamcrest-core/1.3/hamcrest-core-1.3.jar:"/>
    <property name="java.vm.vendor" value="Debian"/>
    <property name="sun.arch.data.model" value="64"/>
    <property name="java.vendor.url" value="https://tracker.debian.org/openjdk-17"/>
    <property name="os.name" value="Linux"/>
    <property name="java.vm.specification.version" value="17"/>
    <property name="sun.java.launcher" value="SUN_STANDARD"/>
    <property name="user.country" value="US"/>
    <property name="sun.boot.library.path" value="/usr/lib/jvm/java-17-openjdk-arm64/lib"/>
    <property name="sun.java.command" value="/home/sweta2003/CalculatorApp/demo/target/surefire/surefirebooter10625611620934568455.jar /home/sweta2003/CalculatorApp/demo/target/surefire 2024-09-13T04-02-35_006-jvmRun1 surefire3957249770618904028tmp surefire_0714336887424563152tmp"/>
    <property name="jdk.debug" value="release"/>
    <property name="test" value="com.example.BasicCalculatorTest"/>
    <property name="surefire.test.class.path" value="/home/sweta2003/CalculatorApp/demo/target/test-classes:/home/sweta2003/CalculatorApp/demo/target/classes:/home/sweta2003/.m2/repository/junit/junit/4.11/junit-4.11.jar:/home/sweta2003/.m2/repository/org/hamcrest/hamcrest-core/1.3/hamcrest-core-1.3.jar:"/>
    <property name="sun.cpu.endian" value="little"/>
    <property name="user.home" value="/home/sweta2003"/>
    <property name="user.language" value="en"/>
    <property name="java.specification.vendor" value="Oracle Corporation"/>
    <property name="java.version.date" value="2024-04-16"/>
    <property name="java.home" value="/usr/lib/jvm/java-17-openjdk-arm64"/>
    <property name="file.separator" value="/"/>
    <property name="basedir" value="/home/sweta2003/CalculatorApp/demo"/>
    <property name="java.vm.compressedOopsMode" value="32-bit"/>
    <property name="line.separator" value="&#10;"/>
    <property name="java.vm.specification.vendor" value="Oracle Corporation"/>
    <property name="java.specification.name" value="Java Platform API Specification"/>
    <property name="surefire.real.class.path" value="/home/sweta2003/CalculatorApp/demo/target/surefire/surefirebooter10625611620934568455.jar"/>
    <property name="sun.management.compiler" value="HotSpot 64-Bit Tiered Compilers"/>
    <property name="java.runtime.version" value="17.0.11+9-Debian-1deb12u1"/>
    <property name="user.name" value="sweta2003"/>
    <property name="path.separator" value=":"/>
    <property name="os.version" value="6.6.41-03520-gd3d77f15f842"/>
    <property name="java.runtime.name" value="OpenJDK Runtime Environment"/>
    <property name="file.encoding" value="UTF-8"/>
    <property name="java.vm.name" value="OpenJDK 64-Bit Server VM"/>
    <property name="maven.ext.class.path" value="/home/sweta2003/.vscode/extensions/oracle.oracle-java-22.1.2/nbcode/java/maven-nblib/netbeans-eventspy.jar"/>
    <property name="localRepository" value="/home/sweta2003/.m2/repository"/>
    <property name="java.vendor.url.bug" value="https://bugs.debian.org/openjdk-17"/>
    <property name="java.io.tmpdir" value="/tmp"/>
    <property name="java.version" value="17.0.11"/>
    <property name="user.dir" value="/home/sweta2003/CalculatorApp/demo"/>
    <property name="os.arch" value="aarch64"/>
    <property name="java.vm.specification.name" value="Java Virtual Machine Specification"/>
    <property name="native.encoding" value="UTF-8"/>
    <property name="java.library.path" value="/usr/java/packages/lib:/usr/lib/aarch64-linux-gnu/jni:/lib/aarch64-linux-gnu:/usr/lib/aarch64-linux-gnu:/usr/lib/jni:/lib:/usr/lib"/>
    <property name="java.vm.info" value="mixed mode, sharing"/>
    <property name="java.vendor" value="Debian"/>
    <property name="java.vm.version" value="17.0.11+9-Debian-1deb12u1"/>
    <property name="sun.io.unicode.encoding" value="UnicodeLittle"/>
    <property name="java.class.version" value="61.0"/>
  </properties>
  <testcase name="test_addition_of_very_large_positive_numbers" classname="com.example.BasicCalculatorTest" time="0.009"/>
  <testcase name="test_addition_of_two_negative_numbers" classname="com.example.BasicCalculatorTest" time="0"/>
  <testcase name="test_confirm_addition_operation_with_calc_operator_add" classname="com.example.BasicCalculatorTest" time="0"/>
  <testcase name="test_subtraction_of_two_positive_numbers" classname="com.example.BasicCalculatorTest" time="0"/>
  <testcase name="test_division_of_two_negative_numbers" classname="com.example.BasicCalculatorTest" time="0.002"/>
  <testcase name="test_multiplication_of_two_positive_numbers" classname="com.example.BasicCalculatorTest" time="0"/>
  <testcase name="test_multiplication_positive_negative" classname="com.example.BasicCalculatorTest" time="0"/>
  <testcase name="test_addition_of_two_positive_numbers" classname="com.example.BasicCalculatorTest" time="0"/>
  <testcase name="test_invalid_operation_input" classname="com.example.BasicCalculatorTest" time="0.002"/>
  <testcase name="test_division_of_two_positive_numbers" classname="com.example.BasicCalculatorTest" time="0"/>
  <testcase name="test_subtraction_positive_negative" classname="com.example.BasicCalculatorTest" time="0.002"/>
  <testcase name="test_division_positive_negative" classname="com.example.BasicCalculatorTest" time="0.002"/>
  <testcase name="test_addition_of_positive_and_negative_numbers" classname="com.example.BasicCalculatorTest" time="0"/>
  <testcase name="test_addition_of_negative_numbers" classname="com.example.BasicCalculatorTest" time="0"/>
</testsuite>